<?xml version="1.0" encoding="UTF-8"?>
<!-- Generated by org.testng.reporters.JUnitReportReporter -->
<testsuite hostname="DESKTOP-2BSC6FJ" failures="0" tests="1" name="com.simplilearn.TestingMedicareWebApplication.Testcases$testcase006" time="16.845" errors="0" timestamp="2023-09-05T00:45:16 IST" skipped="0">
  <testcase classname="com.simplilearn.TestingMedicareWebApplication.Testcases$testcase006" name="product" time="16.845"/>
</testsuite> <!-- com.simplilearn.TestingMedicareWebApplication.Testcases$testcase006 -->
